[debug] [2018-08-31T14:25:04.887Z] ----------------------------------------------------------------------
[debug] [2018-08-31T14:25:04.889Z] Command:       /Users/shiba/.nodebrew/node/v10.6.0/bin/node /Users/shiba/.nodebrew/current/bin/firebase deploy
[debug] [2018-08-31T14:25:04.889Z] CLI Version:   4.2.0
[debug] [2018-08-31T14:25:04.889Z] Platform:      darwin
[debug] [2018-08-31T14:25:04.889Z] Node Version:  v10.6.0
[debug] [2018-08-31T14:25:04.890Z] Time:          Fri Aug 31 2018 23:25:04 GMT+0900 (GMT+09:00)
[debug] [2018-08-31T14:25:04.890Z] ----------------------------------------------------------------------
[debug] 
[debug] [2018-08-31T14:25:04.900Z] > command requires scopes: ["email","openid","https://www.googleapis.com/auth/cloudplatformprojects.readonly","https://www.googleapis.com/auth/firebase","https://www.googleapis.com/auth/cloud-platform"]
[debug] [2018-08-31T14:25:04.901Z] > authorizing via signed-in user
[debug] [2018-08-31T14:25:04.903Z] > refreshing access token with scopes: ["email","https://www.googleapis.com/auth/cloud-platform","https://www.googleapis.com/auth/cloudplatformprojects.readonly","https://www.googleapis.com/auth/firebase","openid"]
[debug] [2018-08-31T14:25:04.903Z] >>> HTTP REQUEST POST https://www.googleapis.com/oauth2/v3/token  

[debug] [2018-08-31T14:25:05.067Z] <<< HTTP RESPONSE 200
[debug] [2018-08-31T14:25:05.079Z] >>> HTTP REQUEST GET https://admin.firebase.com/v1/projects/gs-signage  
 
[debug] [2018-08-31T14:25:05.728Z] <<< HTTP RESPONSE 200
[info] 
[info] === Deploying to 'gs-signage'...
[info] 
[info] i  deploying database, storage, firestore, functions, hosting
[debug] [2018-08-31T14:25:05.835Z] TypeError [ERR_INVALID_ARG_TYPE]: The "path" argument must be of type string. Received type undefined
    at assertPath (path.js:39:11)
    at Object.join (path.js:1157:7)
    at Config.path (/Users/shiba/.nodebrew/node/v10.6.0/lib/node_modules/firebase-tools/lib/config.js:166:37)
    at /Users/shiba/.nodebrew/node/v10.6.0/lib/node_modules/firebase-tools/lib/deploy/lifecycleHooks.js:68:38
    at _chain (/Users/shiba/.nodebrew/node/v10.6.0/lib/node_modules/firebase-tools/lib/deploy/index.js:26:38)
    at /Users/shiba/.nodebrew/node/v10.6.0/lib/node_modules/firebase-tools/lib/deploy/index.js:29:14
    at process._tickCallback (internal/process/next_tick.js:68:7)
[error] 
[error] Error: An unexpected error has occurred.
